src/en/tnaflix/build/intermediates/manifest_merge_blame_file/debug/processDebugMainManifest/manifest-merger-blame-debug-report.txt
1<?xml version="1.0" encoding="utf-8"?>
2<manifest xmlns:android="http://schemas.android.com/apk/res/android"
3    package="eu.kanade.tachiyomi.animeextension.en.tnaflix"
4    android:versionCode="100"
5    android:versionName="1.0.100" >
6
7    <uses-sdk
8        android:minSdkVersion="21"
9        android:targetSdkVersion="34" />
10
11    <application
12        android:debuggable="true"
13        android:extractNativeLibs="true"
14        android:label="Aniyomi: TnAFlix" >
14-->en\tnaflix\AndroidManifest.xml:3:9-35
15        <meta-data
16            android:name="aniyomi.animeextension.class"
16-->en\tnaflix\AndroidManifest.xml:5:13-56
17            android:value="eu.kanade.tachiyomi.animeextension.en.tnaflix.TnAFlix" />
17-->en\tnaflix\AndroidManifest.xml:6:13-40
18        <meta-data
19            android:name="aniyomi.animeextension.nsfw"
19-->en\tnaflix\AndroidManifest.xml:8:13-55
20            android:value="1" />
20-->en\tnaflix\AndroidManifest.xml:9:13-36
21    </application>
22
23</manifest>